building Nix...
building the system configuration...
these 21 derivations will be built:
  /nix/store/7r2gqdwc4m6yykzghiz9j3d0jdwg5cjv-builder.pl.drv
  /nix/store/4hps29vfmz8d9p8k7pw0fz9wjgjnxaxj-system-path.drv
  /nix/store/byhdqkqrbllk6dxmqi1zvpd5af2b1alf-dbus-1.drv
  /nix/store/sm1pkqc5ybq19idvcx3xj4h0hzkjf9i6-X-Restart-Triggers-dbus.drv
  /nix/store/mwvn39n5424gkigb2kbwr0ycg0r3fc65-unit-dbus.service.drv
  /nix/store/6jhlyjkw39gngs9g5mb9al610mrp3caj-user-units.drv
  /nix/store/3h9qx5v4yizr1v2bzk93s23bi0kbbbzb-unit-console-getty.service-disabled.drv
  /nix/store/4cx0fmhkq215xbzqhridvm5w9a3cya36-unit-accounts-daemon.service.drv
  /nix/store/6abhcq5xli5hifhvcy48ri5kidl8l28g-unit-pipewire.socket-disabled.drv
  /nix/store/9iisw0k8ya06bvianfr74fpjnjwfcghj-unit-dbus.service.drv
  /nix/store/jymdhqg74rppc914dkx145i0l0gk376h-unit-pipewire.service-disabled.drv
  /nix/store/ngdvpzng82jsqjgpg6lrn5gkj13ls977-unit-wireplumber.service-disabled.drv
  /nix/store/8p5d8gvkfrdsg4kn1cvkgvfkz7dfl4fs-X-Restart-Triggers-polkit.drv
  /nix/store/sgf4h3kx3ibwb8qp6daxapwglmf41y2l-unit-polkit.service.drv
  /nix/store/wfqs561aw1bqhp7c8x57nrfm3dkd8vfv-system-units.drv
  /nix/store/3937lwcf0jnc8mdkss27pshzd6jzs0qp-etc.drv
  /nix/store/9vfy2xhfyzx7iz0vscdwnsnxzyb0mw1v-ensure-all-wrappers-paths-exist.drv
  /nix/store/fa0pwvqq6k477qjbcxv5rxga10dnsld5-boot.json.drv
  /nix/store/h3crkz667rv6qrnb2qr4l0nfjgkg7rra-stage-2-init.sh.drv
  /nix/store/w1gvpy4jzqmid32xd9lh77j56344mc9h-perl-5.40.0-env.drv
  /nix/store/4gyy1qmsby5szdzmaqrm1ipbzzvps1mj-nixos-system-nixos-24.11.713515.47addd76727f.drv
these 19 paths will be fetched (5.38 MiB download, 41.06 MiB unpacked):
  /nix/store/l7cbw0fgzgcrsdmgsflkrg4nqa4w1lva-android-tools-35.0.1
  /nix/store/mxi53f9xhkshf3la64awqacfmx9ppkzw-die-hook
  /nix/store/9wbpsj6ksd16x1qdqs29xli1dpz3fnl0-file-5.45
  /nix/store/amahni7fc4in6v9s0ph2pjgm5sj2nzpz-getconf-glibc-2.40-36
  /nix/store/0yl1wf4jim6830k2m3c3v5kyp2l9z8ay-gnu-config-2024-01-01
  /nix/store/hbzw8k8ygv6bfzvsvnd4gb8qmm8xjbvn-gnumake-4.4.1
  /nix/store/33vsl4vhfqarbc7pdnp29p7gf7s10rcg-libxslt-1.1.42-bin
  /nix/store/sbr9bjn36i9ibh5hmdni1p3nrlbkm7qc-lndir-1.0.5
  /nix/store/vi2j2pqg0vcwrq9nv1lcxqr9czfbfza2-make-binary-wrapper-hook
  /nix/store/3ibs1c03k683g2vv2rii60476w690xs3-make-shell-wrapper-hook
  /nix/store/wnl9qpnhayry14lhcbdafhadsjwsdr6p-patchelf-0.15.0
  /nix/store/jf2ym7brf074656hzz4whfpvrb2iack5-perl5.40.0-Config-IniFiles-3.000003
  /nix/store/3xnzi2psjmprk7lff1rmsfnbsrq18f9n-perl5.40.0-IO-Stringy-2.113
  /nix/store/qc7xrirnrs85y5cbwi54pfi0mwpi83z3-python3-3.12.8-env
  /nix/store/l6cg2l492iwmn2zkk92sf7zwl29g0fw4-python3.12-protobuf-5.28.3
  /nix/store/cf464y41p2x3lh1qvbg6678lc3f8zbd6-stdenv-linux
  /nix/store/0946srvdrjhrgdwxx5s1av1hds56i1n8-texinfo-7.1.1
  /nix/store/ap724yhgv28mpsi1mmqcwypj4rrfhqmg-update-autotools-gnu-config-scripts-hook
  /nix/store/j95yki2nqcd8x6ir491aa8v8r4ywxyza-xkb-validated
copying path '/nix/store/j95yki2nqcd8x6ir491aa8v8r4ywxyza-xkb-validated' from 'https://cache.nixos.org'...
copying path '/nix/store/mxi53f9xhkshf3la64awqacfmx9ppkzw-die-hook' from 'https://cache.nixos.org'...
copying path '/nix/store/3xnzi2psjmprk7lff1rmsfnbsrq18f9n-perl5.40.0-IO-Stringy-2.113' from 'https://cache.nixos.org'...
copying path '/nix/store/0yl1wf4jim6830k2m3c3v5kyp2l9z8ay-gnu-config-2024-01-01' from 'https://cache.nixos.org'...
copying path '/nix/store/amahni7fc4in6v9s0ph2pjgm5sj2nzpz-getconf-glibc-2.40-36' from 'https://cache.nixos.org'...
copying path '/nix/store/9wbpsj6ksd16x1qdqs29xli1dpz3fnl0-file-5.45' from 'https://cache.nixos.org'...
copying path '/nix/store/hbzw8k8ygv6bfzvsvnd4gb8qmm8xjbvn-gnumake-4.4.1' from 'https://cache.nixos.org'...
copying path '/nix/store/wnl9qpnhayry14lhcbdafhadsjwsdr6p-patchelf-0.15.0' from 'https://cache.nixos.org'...
copying path '/nix/store/0946srvdrjhrgdwxx5s1av1hds56i1n8-texinfo-7.1.1' from 'https://cache.nixos.org'...
copying path '/nix/store/sbr9bjn36i9ibh5hmdni1p3nrlbkm7qc-lndir-1.0.5' from 'https://cache.nixos.org'...
copying path '/nix/store/33vsl4vhfqarbc7pdnp29p7gf7s10rcg-libxslt-1.1.42-bin' from 'https://cache.nixos.org'...
copying path '/nix/store/l6cg2l492iwmn2zkk92sf7zwl29g0fw4-python3.12-protobuf-5.28.3' from 'https://cache.nixos.org'...
copying path '/nix/store/3ibs1c03k683g2vv2rii60476w690xs3-make-shell-wrapper-hook' from 'https://cache.nixos.org'...
copying path '/nix/store/vi2j2pqg0vcwrq9nv1lcxqr9czfbfza2-make-binary-wrapper-hook' from 'https://cache.nixos.org'...
copying path '/nix/store/ap724yhgv28mpsi1mmqcwypj4rrfhqmg-update-autotools-gnu-config-scripts-hook' from 'https://cache.nixos.org'...
copying path '/nix/store/jf2ym7brf074656hzz4whfpvrb2iack5-perl5.40.0-Config-IniFiles-3.000003' from 'https://cache.nixos.org'...
copying path '/nix/store/cf464y41p2x3lh1qvbg6678lc3f8zbd6-stdenv-linux' from 'https://cache.nixos.org'...
copying path '/nix/store/qc7xrirnrs85y5cbwi54pfi0mwpi83z3-python3-3.12.8-env' from 'https://cache.nixos.org'...
building '/nix/store/fa0pwvqq6k477qjbcxv5rxga10dnsld5-boot.json.drv'...
building '/nix/store/7r2gqdwc4m6yykzghiz9j3d0jdwg5cjv-builder.pl.drv'...
building '/nix/store/9vfy2xhfyzx7iz0vscdwnsnxzyb0mw1v-ensure-all-wrappers-paths-exist.drv'...
building '/nix/store/h3crkz667rv6qrnb2qr4l0nfjgkg7rra-stage-2-init.sh.drv'...
building '/nix/store/3h9qx5v4yizr1v2bzk93s23bi0kbbbzb-unit-console-getty.service-disabled.drv'...
building '/nix/store/jymdhqg74rppc914dkx145i0l0gk376h-unit-pipewire.service-disabled.drv'...
building '/nix/store/6abhcq5xli5hifhvcy48ri5kidl8l28g-unit-pipewire.socket-disabled.drv'...
building '/nix/store/ngdvpzng82jsqjgpg6lrn5gkj13ls977-unit-wireplumber.service-disabled.drv'...
Checking that Nix store paths of all wrapped programs exist... OK
copying path '/nix/store/l7cbw0fgzgcrsdmgsflkrg4nqa4w1lva-android-tools-35.0.1' from 'https://cache.nixos.org'...
building '/nix/store/w1gvpy4jzqmid32xd9lh77j56344mc9h-perl-5.40.0-env.drv'...
created 183 symlinks in user environment
building '/nix/store/4hps29vfmz8d9p8k7pw0fz9wjgjnxaxj-system-path.drv'...
created 37421 symlinks in user environment
gtk-update-icon-cache: Cache file created successfully.
gtk-update-icon-cache: Cache file created successfully.
building '/nix/store/8p5d8gvkfrdsg4kn1cvkgvfkz7dfl4fs-X-Restart-Triggers-polkit.drv'...
building '/nix/store/byhdqkqrbllk6dxmqi1zvpd5af2b1alf-dbus-1.drv'...
building '/nix/store/4cx0fmhkq215xbzqhridvm5w9a3cya36-unit-accounts-daemon.service.drv'...
building '/nix/store/sm1pkqc5ybq19idvcx3xj4h0hzkjf9i6-X-Restart-Triggers-dbus.drv'...
building '/nix/store/sgf4h3kx3ibwb8qp6daxapwglmf41y2l-unit-polkit.service.drv'...
building '/nix/store/9iisw0k8ya06bvianfr74fpjnjwfcghj-unit-dbus.service.drv'...
building '/nix/store/mwvn39n5424gkigb2kbwr0ycg0r3fc65-unit-dbus.service.drv'...
building '/nix/store/wfqs561aw1bqhp7c8x57nrfm3dkd8vfv-system-units.drv'...
building '/nix/store/6jhlyjkw39gngs9g5mb9al610mrp3caj-user-units.drv'...
building '/nix/store/3937lwcf0jnc8mdkss27pshzd6jzs0qp-etc.drv'...
building '/nix/store/4gyy1qmsby5szdzmaqrm1ipbzzvps1mj-nixos-system-nixos-24.11.713515.47addd76727f.drv'...
stopping the following units: accounts-daemon.service
activating the configuration...
setting up /etc...
reloading user units for dumbledoor...
restarting sysinit-reactivation.target
reloading the following units: dbus.service
restarting the following units: polkit.service
starting the following units: accounts-daemon.service
the following new units were started: run-credentials-systemd\x2dtmpfiles\x2dresetup.service.mount, sysinit-reactivation.target, systemd-tmpfiles-resetup.service
